<?xml version="1.0" encoding="UTF-8"?>
<!-- Generated by org.testng.reporters.JUnitXMLReporter -->
<testsuite ignored="0" hostname="LAPTOP-7UAH2F9U" failures="2" tests="6" name="Test" time="8.533" errors="0" timestamp="2022-02-12T00:35:30 IST">
  <testcase classname="com.org.selenium.pom.framework.LoginTest2" name="dloginTest1" time="0.462"/>
  <testcase classname="com.org.selenium.pom.framework.LoginTest" name="dloginTest1" time="0.395"/>
  <testcase classname="com.org.selenium.pom.framework.LoginTest2" name="loginTest" time="0.36"/>
  <testcase classname="com.org.selenium.pom.framework.LoginTest" name="loginTest" time="0.372"/>
  <testcase classname="com.org.selenium.pom.framework.LoginTest2" name="loginTest2" time="0.478">
    <failure type="java.lang.AssertionError" message="expected [Swags Labs] but found [Swag Labs]">
      <![CDATA[java.lang.AssertionError: expected [Swags Labs] but found [Swag Labs]
at com.org.selenium.pom.framework.LoginTest2.loginTest2(LoginTest2.java:32)
at java.base/java.util.concurrent.ThreadPoolExecutor.runWorker(ThreadPoolExecutor.java:1130)
at java.base/java.util.concurrent.ThreadPoolExecutor$Worker.run(ThreadPoolExecutor.java:630)
at java.base/java.lang.Thread.run(Thread.java:831)
... Removed 18 stack frames]]>
    </failure>
  </testcase> <!-- loginTest2 -->
  <testcase classname="com.org.selenium.pom.framework.LoginTest" name="loginTest2" time="0.347">
    <failure type="java.lang.AssertionError" message="expected [Swags Labs] but found [Swag Labs]">
      <![CDATA[java.lang.AssertionError: expected [Swags Labs] but found [Swag Labs]
at com.org.selenium.pom.framework.LoginTest.loginTest2(LoginTest.java:32)
at java.base/java.util.concurrent.ThreadPoolExecutor.runWorker(ThreadPoolExecutor.java:1130)
at java.base/java.util.concurrent.ThreadPoolExecutor$Worker.run(ThreadPoolExecutor.java:630)
at java.base/java.lang.Thread.run(Thread.java:831)
... Removed 18 stack frames]]>
    </failure>
  </testcase> <!-- loginTest2 -->
</testsuite> <!-- Test -->
