<?xml version="1.0" encoding="UTF-8"?>
<!-- Generated by org.testng.reporters.JUnitXMLReporter -->
<testsuite ignored="1" hostname="LAPTOP-7UAH2F9U" failures="1" tests="1" name="Test(failed)" time="2.7" errors="0" timestamp="2022-02-11T22:35:51 IST">
  <testcase classname="com.org.selenium.pom.framework.LoginTest" name="loginTest1" time="0.292">
    <failure type="java.lang.AssertionError" message="expected [Swag Labss] but found [Swag Labs]">
      <![CDATA[java.lang.AssertionError: expected [Swag Labss] but found [Swag Labs]
at com.org.selenium.pom.framework.LoginTest.loginTest1(LoginTest.java:22)
at java.base/java.util.ArrayList.forEach(ArrayList.java:1511)
... Removed 33 stack frames]]>
    </failure>
  </testcase> <!-- loginTest1 -->
  <testcase classname="com.org.selenium.pom.framework.LoginTest" name="loginTest" time="0.0">
    <ignored/>
  </testcase> <!-- loginTest -->
</testsuite> <!-- Test(failed) -->
