<?xml version="1.0" encoding="UTF-8"?>
<testng-results ignored="0" total="6" passed="4" failed="2" skipped="0">
  <reporter-output>
  </reporter-output>
  <suite started-at="2022-02-12T00:35:21 IST" name="Suite" finished-at="2022-02-12T00:35:30 IST" duration-ms="8533">
    <groups>
    </groups>
    <test started-at="2022-02-12T00:35:21 IST" name="Test" finished-at="2022-02-12T00:35:30 IST" duration-ms="8533">
      <class name="com.org.selenium.pom.framework.LoginTest">
        <test-method is-config="true" signature="setUpBroser()[pri:0, instance:com.org.selenium.pom.framework.LoginTest@7c711375]" started-at="2022-02-12T00:35:21 IST" name="setUpBroser" finished-at="2022-02-12T00:35:24 IST" duration-ms="2898" status="PASS">
          <reporter-output>
          </reporter-output>
        </test-method> <!-- setUpBroser -->
        <test-method signature="dloginTest1()[pri:0, instance:com.org.selenium.pom.framework.LoginTest@7c711375]" started-at="2022-02-12T00:35:24 IST" name="dloginTest1" finished-at="2022-02-12T00:35:25 IST" duration-ms="395" status="PASS">
          <reporter-output>
          </reporter-output>
        </test-method> <!-- dloginTest1 -->
        <test-method is-config="true" signature="quit()[pri:0, instance:com.org.selenium.pom.framework.LoginTest@7c711375]" started-at="2022-02-12T00:35:25 IST" name="quit" finished-at="2022-02-12T00:35:25 IST" duration-ms="219" status="PASS">
          <reporter-output>
          </reporter-output>
        </test-method> <!-- quit -->
        <test-method is-config="true" signature="setUpBroser()[pri:0, instance:com.org.selenium.pom.framework.LoginTest@7c711375]" started-at="2022-02-12T00:35:25 IST" name="setUpBroser" finished-at="2022-02-12T00:35:27 IST" duration-ms="1901" status="PASS">
          <reporter-output>
          </reporter-output>
        </test-method> <!-- setUpBroser -->
        <test-method signature="loginTest()[pri:0, instance:com.org.selenium.pom.framework.LoginTest@7c711375]" started-at="2022-02-12T00:35:27 IST" name="loginTest" finished-at="2022-02-12T00:35:27 IST" duration-ms="372" status="PASS">
          <reporter-output>
          </reporter-output>
        </test-method> <!-- loginTest -->
        <test-method is-config="true" signature="quit()[pri:0, instance:com.org.selenium.pom.framework.LoginTest@7c711375]" started-at="2022-02-12T00:35:27 IST" name="quit" finished-at="2022-02-12T00:35:27 IST" duration-ms="203" status="PASS">
          <reporter-output>
          </reporter-output>
        </test-method> <!-- quit -->
        <test-method is-config="true" signature="setUpBroser()[pri:0, instance:com.org.selenium.pom.framework.LoginTest@7c711375]" started-at="2022-02-12T00:35:27 IST" name="setUpBroser" finished-at="2022-02-12T00:35:29 IST" duration-ms="1898" status="PASS">
          <reporter-output>
          </reporter-output>
        </test-method> <!-- setUpBroser -->
        <test-method signature="loginTest2()[pri:0, instance:com.org.selenium.pom.framework.LoginTest@7c711375]" started-at="2022-02-12T00:35:29 IST" name="loginTest2" finished-at="2022-02-12T00:35:30 IST" depends-on-methods="com.org.selenium.pom.framework.LoginTest.dloginTest1, com.org.selenium.pom.framework.LoginTest.loginTest" duration-ms="347" status="FAIL">
          <exception class="java.lang.AssertionError">
            <message>
              <![CDATA[expected [Swags Labs] but found [Swag Labs]]]>
            </message>
            <full-stacktrace>
              <![CDATA[java.lang.AssertionError: expected [Swags Labs] but found [Swag Labs]
at org.testng.Assert.fail(Assert.java:99)
at org.testng.Assert.failNotEquals(Assert.java:1037)
at org.testng.Assert.assertEqualsImpl(Assert.java:140)
at org.testng.Assert.assertEquals(Assert.java:122)
at org.testng.Assert.assertEquals(Assert.java:629)
at org.testng.Assert.assertEquals(Assert.java:639)
at com.org.selenium.pom.framework.LoginTest.loginTest2(LoginTest.java:32)
at java.base/jdk.internal.reflect.NativeMethodAccessorImpl.invoke0(Native Method)
at java.base/jdk.internal.reflect.NativeMethodAccessorImpl.invoke(NativeMethodAccessorImpl.java:78)
at java.base/jdk.internal.reflect.DelegatingMethodAccessorImpl.invoke(DelegatingMethodAccessorImpl.java:43)
at java.base/java.lang.reflect.Method.invoke(Method.java:567)
at org.testng.internal.MethodInvocationHelper.invokeMethod(MethodInvocationHelper.java:133)
at org.testng.internal.TestInvoker.invokeMethod(TestInvoker.java:598)
at org.testng.internal.TestInvoker.invokeTestMethod(TestInvoker.java:173)
at org.testng.internal.MethodRunner.runInSequence(MethodRunner.java:46)
at org.testng.internal.TestInvoker$MethodInvocationAgent.invoke(TestInvoker.java:824)
at org.testng.internal.TestInvoker.invokeTestMethods(TestInvoker.java:146)
at org.testng.internal.TestMethodWorker.invokeTestMethods(TestMethodWorker.java:146)
at org.testng.internal.TestMethodWorker.run(TestMethodWorker.java:128)
at java.base/java.util.concurrent.ThreadPoolExecutor.runWorker(ThreadPoolExecutor.java:1130)
at java.base/java.util.concurrent.ThreadPoolExecutor$Worker.run(ThreadPoolExecutor.java:630)
at java.base/java.lang.Thread.run(Thread.java:831)
]]>
            </full-stacktrace>
          </exception> <!-- java.lang.AssertionError -->
          <reporter-output>
          </reporter-output>
        </test-method> <!-- loginTest2 -->
        <test-method is-config="true" signature="quit()[pri:0, instance:com.org.selenium.pom.framework.LoginTest@7c711375]" started-at="2022-02-12T00:35:30 IST" name="quit" finished-at="2022-02-12T00:35:30 IST" duration-ms="265" status="PASS">
          <reporter-output>
          </reporter-output>
        </test-method> <!-- quit -->
      </class> <!-- com.org.selenium.pom.framework.LoginTest -->
      <class name="com.org.selenium.pom.framework.LoginTest2">
        <test-method is-config="true" signature="setUpBroser()[pri:0, instance:com.org.selenium.pom.framework.LoginTest2@7db12bb6]" started-at="2022-02-12T00:35:21 IST" name="setUpBroser" finished-at="2022-02-12T00:35:24 IST" duration-ms="2822" status="PASS">
          <reporter-output>
          </reporter-output>
        </test-method> <!-- setUpBroser -->
        <test-method signature="dloginTest1()[pri:0, instance:com.org.selenium.pom.framework.LoginTest2@7db12bb6]" started-at="2022-02-12T00:35:24 IST" name="dloginTest1" finished-at="2022-02-12T00:35:25 IST" duration-ms="462" status="PASS">
          <reporter-output>
          </reporter-output>
        </test-method> <!-- dloginTest1 -->
        <test-method is-config="true" signature="quit()[pri:0, instance:com.org.selenium.pom.framework.LoginTest2@7db12bb6]" started-at="2022-02-12T00:35:25 IST" name="quit" finished-at="2022-02-12T00:35:25 IST" duration-ms="248" status="PASS">
          <reporter-output>
          </reporter-output>
        </test-method> <!-- quit -->
        <test-method is-config="true" signature="setUpBroser()[pri:0, instance:com.org.selenium.pom.framework.LoginTest2@7db12bb6]" started-at="2022-02-12T00:35:25 IST" name="setUpBroser" finished-at="2022-02-12T00:35:27 IST" duration-ms="1882" status="PASS">
          <reporter-output>
          </reporter-output>
        </test-method> <!-- setUpBroser -->
        <test-method signature="loginTest()[pri:0, instance:com.org.selenium.pom.framework.LoginTest2@7db12bb6]" started-at="2022-02-12T00:35:27 IST" name="loginTest" finished-at="2022-02-12T00:35:27 IST" duration-ms="360" status="PASS">
          <reporter-output>
          </reporter-output>
        </test-method> <!-- loginTest -->
        <test-method is-config="true" signature="quit()[pri:0, instance:com.org.selenium.pom.framework.LoginTest2@7db12bb6]" started-at="2022-02-12T00:35:27 IST" name="quit" finished-at="2022-02-12T00:35:27 IST" duration-ms="223" status="PASS">
          <reporter-output>
          </reporter-output>
        </test-method> <!-- quit -->
        <test-method is-config="true" signature="setUpBroser()[pri:0, instance:com.org.selenium.pom.framework.LoginTest2@7db12bb6]" started-at="2022-02-12T00:35:27 IST" name="setUpBroser" finished-at="2022-02-12T00:35:29 IST" duration-ms="1736" status="PASS">
          <reporter-output>
          </reporter-output>
        </test-method> <!-- setUpBroser -->
        <test-method signature="loginTest2()[pri:0, instance:com.org.selenium.pom.framework.LoginTest2@7db12bb6]" started-at="2022-02-12T00:35:29 IST" name="loginTest2" finished-at="2022-02-12T00:35:30 IST" depends-on-methods="com.org.selenium.pom.framework.LoginTest2.dloginTest1, com.org.selenium.pom.framework.LoginTest2.loginTest" duration-ms="478" status="FAIL">
          <exception class="java.lang.AssertionError">
            <message>
              <![CDATA[expected [Swags Labs] but found [Swag Labs]]]>
            </message>
            <full-stacktrace>
              <![CDATA[java.lang.AssertionError: expected [Swags Labs] but found [Swag Labs]
at org.testng.Assert.fail(Assert.java:99)
at org.testng.Assert.failNotEquals(Assert.java:1037)
at org.testng.Assert.assertEqualsImpl(Assert.java:140)
at org.testng.Assert.assertEquals(Assert.java:122)
at org.testng.Assert.assertEquals(Assert.java:629)
at org.testng.Assert.assertEquals(Assert.java:639)
at com.org.selenium.pom.framework.LoginTest2.loginTest2(LoginTest2.java:32)
at java.base/jdk.internal.reflect.NativeMethodAccessorImpl.invoke0(Native Method)
at java.base/jdk.internal.reflect.NativeMethodAccessorImpl.invoke(NativeMethodAccessorImpl.java:78)
at java.base/jdk.internal.reflect.DelegatingMethodAccessorImpl.invoke(DelegatingMethodAccessorImpl.java:43)
at java.base/java.lang.reflect.Method.invoke(Method.java:567)
at org.testng.internal.MethodInvocationHelper.invokeMethod(MethodInvocationHelper.java:133)
at org.testng.internal.TestInvoker.invokeMethod(TestInvoker.java:598)
at org.testng.internal.TestInvoker.invokeTestMethod(TestInvoker.java:173)
at org.testng.internal.MethodRunner.runInSequence(MethodRunner.java:46)
at org.testng.internal.TestInvoker$MethodInvocationAgent.invoke(TestInvoker.java:824)
at org.testng.internal.TestInvoker.invokeTestMethods(TestInvoker.java:146)
at org.testng.internal.TestMethodWorker.invokeTestMethods(TestMethodWorker.java:146)
at org.testng.internal.TestMethodWorker.run(TestMethodWorker.java:128)
at java.base/java.util.concurrent.ThreadPoolExecutor.runWorker(ThreadPoolExecutor.java:1130)
at java.base/java.util.concurrent.ThreadPoolExecutor$Worker.run(ThreadPoolExecutor.java:630)
at java.base/java.lang.Thread.run(Thread.java:831)
]]>
            </full-stacktrace>
          </exception> <!-- java.lang.AssertionError -->
          <reporter-output>
          </reporter-output>
        </test-method> <!-- loginTest2 -->
        <test-method is-config="true" signature="quit()[pri:0, instance:com.org.selenium.pom.framework.LoginTest2@7db12bb6]" started-at="2022-02-12T00:35:30 IST" name="quit" finished-at="2022-02-12T00:35:30 IST" duration-ms="249" status="PASS">
          <reporter-output>
          </reporter-output>
        </test-method> <!-- quit -->
      </class> <!-- com.org.selenium.pom.framework.LoginTest2 -->
    </test> <!-- Test -->
  </suite> <!-- Suite -->
</testng-results>
